xdm info (pid 3637): Starting
xdm info (pid 3637): Starting X server on :0

X.Org X Server 1.11.2
Release Date: 2011-11-04
X Protocol Version 11, Revision 0
Build Operating System: Linux 3.1.2-gentoovit x86_64 Gentoo
Current Operating System: Linux vitmac 3.2.6-gentoovit #1 SMP Sun Feb 19 20:36:49 EET 2012 x86_64
Kernel command line: root=/dev/sda4 reboot=pci
Build Date: 22 December 2011  12:56:08PM
 
Current version of pixman: 0.24.0
	Before reporting problems, check http://wiki.x.org
	to make sure that you have the latest version.
Markers: (--) probed, (**) from config file, (==) default setting,
	(++) from command line, (!!) notice, (II) informational,
	(WW) warning, (EE) error, (NI) not implemented, (??) unknown.
(==) Log file: "/var/log/Xorg.0.log", Time: Wed Mar  7 10:52:25 2012
(==) Using config file: "/etc/X11/xorg.conf"
(==) Using system config directory "/usr/share/X11/xorg.conf.d"
(EE) Failed to load module "dri" (module does not exist, 0)
(EE) Failed to load module "dri2" (module does not exist, 0)
(EE) NVIDIA: Failed to load module "dri2" (module does not exist, 0)
(EE) ioctl EVIOCGNAME failed: Inappropriate ioctl for device
(EE) PreInit returned 8 for "Logitech Unifying Device. Wireless PID:101b"
/etc/X11/xdm/Xresources:77:37: warning: missing terminating ' character
xdm info (pid 3788): sourcing /usr/lib64/X11/xdm/Xsetup_0
xdm info (pid 3788): sourcing /usr/lib64/X11/xdm/GiveConsole
xdm info (pid 4023): executing session /usr/lib64/X11/xdm/Xsession
